0 info it worked if it ends with ok
1 verbose cli [ 'C:\\Program Files\\nodejs\\node.exe',
1 verbose cli   'C:\\Program Files\\nodejs\\node_modules\\npm\\bin\\npm-cli.js',
1 verbose cli   'start' ]
2 info using npm@3.10.10
3 info using node@v6.10.3
4 verbose run-script [ 'prestart', 'start', 'poststart' ]
5 info lifecycle test-spy@0.0.1~prestart: test-spy@0.0.1
6 silly lifecycle test-spy@0.0.1~prestart: no script for prestart, continuing
7 info lifecycle test-spy@0.0.1~start: test-spy@0.0.1
8 verbose lifecycle test-spy@0.0.1~start: unsafe-perm in lifecycle true
9 verbose lifecycle test-spy@0.0.1~start: PATH: C:\Users\surender\AppData\Roaming\nvm\v6.10.3\node_modules\npm\bin\node-gyp-bin;D:\work\TestSpy\node_modules\.bin;C:\Program Files\Git\mingw64\bin;C:\Program Files\Git\usr\bin;C:\Users\surender\bin;C:\WINDOWS\system32;C:\WINDOWS;C:\WINDOWS\System32\Wbem;C:\WINDOWS\System32\WindowsPowerShell\v1.0;C:\Program Files\Git\cmd;C:\Program Files\Java\jdk-11.0.1\bin;C:\Program Files\nvm-windows-1.1.7;C:\Program Files\Intel\WiFi\bin;C:\Program Files\Common Files\Intel\WirelessCommon;C:\Redis-x64-3.2.100;C:\Program Files\MongoDB\Server\4.0\bin;C:\Users\surender\AppData\Roaming\nvm;C:\Program Files\nodejs;C:\Program Files\TortoiseGit\bin;C:\Users\surender\AppData\Roaming\nvm;C:\Users\surender\AppData\Local\Microsoft\WindowsApps;C:\Users\surender\AppData\Local\Programs\Microsoft VS Code\bin;C:\Users\surender\AppData\Roaming\npm;C:\Program Files\Intel\WiFi\bin;C:\Program Files\Common Files\Intel\WirelessCommon;C:\Users\surender\AppData\Roaming\nvm;C:\Users\surender\AppData\Local\atom\bin;C:\Users\surender\AppData\Roaming\nvm;C:\Program Files\nodejs;C:\Users\surender\AppData\Roaming\nvm;C:\Program Files\Docker Toolbox
10 verbose lifecycle test-spy@0.0.1~start: CWD: D:\work\TestSpy
11 silly lifecycle test-spy@0.0.1~start: Args: [ '/d /s /c', 'node utils/webserver.js' ]
12 silly lifecycle test-spy@0.0.1~start: Returned: code: 1  signal: null
13 info lifecycle test-spy@0.0.1~start: Failed to exec start script
14 verbose stack Error: test-spy@0.0.1 start: `node utils/webserver.js`
14 verbose stack Exit status 1
14 verbose stack     at EventEmitter.<anonymous> (C:\Users\surender\AppData\Roaming\nvm\v6.10.3\node_modules\npm\lib\utils\lifecycle.js:255:16)
14 verbose stack     at emitTwo (events.js:106:13)
14 verbose stack     at EventEmitter.emit (events.js:191:7)
14 verbose stack     at ChildProcess.<anonymous> (C:\Users\surender\AppData\Roaming\nvm\v6.10.3\node_modules\npm\lib\utils\spawn.js:40:14)
14 verbose stack     at emitTwo (events.js:106:13)
14 verbose stack     at ChildProcess.emit (events.js:191:7)
14 verbose stack     at maybeClose (internal/child_process.js:886:16)
14 verbose stack     at Process.ChildProcess._handle.onexit (internal/child_process.js:226:5)
15 verbose pkgid test-spy@0.0.1
16 verbose cwd D:\work\TestSpy
17 error Windows_NT 10.0.14393
18 error argv "C:\\Program Files\\nodejs\\node.exe" "C:\\Program Files\\nodejs\\node_modules\\npm\\bin\\npm-cli.js" "start"
19 error node v6.10.3
20 error npm  v3.10.10
21 error code ELIFECYCLE
22 error test-spy@0.0.1 start: `node utils/webserver.js`
22 error Exit status 1
23 error Failed at the test-spy@0.0.1 start script 'node utils/webserver.js'.
23 error Make sure you have the latest version of node.js and npm installed.
23 error If you do, this is most likely a problem with the test-spy package,
23 error not with npm itself.
23 error Tell the author that this fails on your system:
23 error     node utils/webserver.js
23 error You can get information on how to open an issue for this project with:
23 error     npm bugs test-spy
23 error Or if that isn't available, you can get their info via:
23 error     npm owner ls test-spy
23 error There is likely additional logging output above.
24 verbose exit [ 1, true ]
